14:10:23.625 [main] INFO  testCases.TC_001_AccountRegistrationtTest - Strating TC_001_AccountRegistrationtTest
14:10:23.781 [main] INFO  testCases.TC_001_AccountRegistrationtTest - Clicked on My Account 
14:10:24.391 [main] INFO  testCases.TC_001_AccountRegistrationtTest - Clicked on Register 
14:10:24.553 [main] INFO  testCases.TC_001_AccountRegistrationtTest - Provided First Name 
14:10:24.676 [main] INFO  testCases.TC_001_AccountRegistrationtTest - Provided Last Name 
14:10:24.809 [main] INFO  testCases.TC_001_AccountRegistrationtTest - Provided Email 
14:10:24.929 [main] INFO  testCases.TC_001_AccountRegistrationtTest - Provided Telephone 
14:10:25.085 [main] INFO  testCases.TC_001_AccountRegistrationtTest - Provided Password 
14:10:25.219 [main] INFO  testCases.TC_001_AccountRegistrationtTest - Provided Confrmed Password 
14:10:25.313 [main] INFO  testCases.TC_001_AccountRegistrationtTest - Set Privacy Policy 
14:10:27.868 [main] INFO  testCases.TC_001_AccountRegistrationtTest - Clicked on Continue 
14:10:29.952 [main] INFO  testCases.TC_001_AccountRegistrationtTest - Finished TC_001_AccountRegistrationtTest
14:29:56.331 [main] INFO  testCases.TC_001_AccountRegistrationtTest - Strating TC_001_AccountRegistrationtTest
14:29:56.580 [main] INFO  testCases.TC_001_AccountRegistrationtTest - Clicked on My Account 
14:29:57.289 [main] INFO  testCases.TC_001_AccountRegistrationtTest - Clicked on Register 
14:29:57.481 [main] INFO  testCases.TC_001_AccountRegistrationtTest - Provided First Name 
14:29:57.609 [main] INFO  testCases.TC_001_AccountRegistrationtTest - Provided Last Name 
14:29:57.782 [main] INFO  testCases.TC_001_AccountRegistrationtTest - Provided Email 
14:29:57.951 [main] INFO  testCases.TC_001_AccountRegistrationtTest - Provided Telephone 
14:29:58.082 [main] INFO  testCases.TC_001_AccountRegistrationtTest - Provided Password 
14:29:58.277 [main] INFO  testCases.TC_001_AccountRegistrationtTest - Provided Confrmed Password 
14:29:58.384 [main] INFO  testCases.TC_001_AccountRegistrationtTest - Set Privacy Policy 
14:30:00.942 [main] INFO  testCases.TC_001_AccountRegistrationtTest - Clicked on Continue 
14:30:03.020 [main] INFO  testCases.TC_001_AccountRegistrationtTest - Finished TC_001_AccountRegistrationtTest
14:32:34.862 [TestNG-tests-2] INFO  testCases.TC_001_AccountRegistrationtTest - Strating TC_001_AccountRegistrationtTest
14:32:35.137 [TestNG-tests-2] INFO  testCases.TC_001_AccountRegistrationtTest - Clicked on My Account 
14:32:35.791 [TestNG-tests-1] INFO  testCases.TC_001_AccountRegistrationtTest - Strating TC_001_AccountRegistrationtTest
14:32:35.877 [TestNG-tests-2] INFO  testCases.TC_001_AccountRegistrationtTest - Clicked on Register 
14:32:36.028 [TestNG-tests-2] INFO  testCases.TC_001_AccountRegistrationtTest - Provided First Name 
14:32:36.112 [TestNG-tests-2] INFO  testCases.TC_001_AccountRegistrationtTest - Provided Last Name 
14:32:36.151 [TestNG-tests-1] INFO  testCases.TC_001_AccountRegistrationtTest - Clicked on My Account 
14:32:36.226 [TestNG-tests-2] INFO  testCases.TC_001_AccountRegistrationtTest - Provided Email 
14:32:36.389 [TestNG-tests-2] INFO  testCases.TC_001_AccountRegistrationtTest - Provided Telephone 
14:32:36.549 [TestNG-tests-2] INFO  testCases.TC_001_AccountRegistrationtTest - Provided Password 
14:32:36.640 [TestNG-tests-2] INFO  testCases.TC_001_AccountRegistrationtTest - Provided Confrmed Password 
14:32:36.715 [TestNG-tests-2] INFO  testCases.TC_001_AccountRegistrationtTest - Set Privacy Policy 
14:32:37.089 [TestNG-tests-1] INFO  testCases.TC_001_AccountRegistrationtTest - Clicked on Register 
14:32:37.285 [TestNG-tests-1] INFO  testCases.TC_001_AccountRegistrationtTest - Provided First Name 
14:32:37.447 [TestNG-tests-1] INFO  testCases.TC_001_AccountRegistrationtTest - Provided Last Name 
14:32:37.638 [TestNG-tests-1] INFO  testCases.TC_001_AccountRegistrationtTest - Provided Email 
14:32:37.782 [TestNG-tests-1] INFO  testCases.TC_001_AccountRegistrationtTest - Provided Telephone 
14:32:37.913 [TestNG-tests-1] INFO  testCases.TC_001_AccountRegistrationtTest - Provided Password 
14:32:38.113 [TestNG-tests-1] INFO  testCases.TC_001_AccountRegistrationtTest - Provided Confrmed Password 
14:32:38.227 [TestNG-tests-1] INFO  testCases.TC_001_AccountRegistrationtTest - Set Privacy Policy 
14:32:39.581 [TestNG-tests-2] INFO  testCases.TC_001_AccountRegistrationtTest - Clicked on Continue 
14:32:40.963 [TestNG-tests-1] INFO  testCases.TC_001_AccountRegistrationtTest - Clicked on Continue 
14:32:41.648 [TestNG-tests-2] INFO  testCases.TC_001_AccountRegistrationtTest - Finished TC_001_AccountRegistrationtTest
14:32:43.032 [TestNG-tests-1] INFO  testCases.TC_001_AccountRegistrationtTest - Finished TC_001_AccountRegistrationtTest
15:06:59.146 [main] INFO  testCases.TC_001_AccountRegistrationtTest - Strating TC_001_AccountRegistrationtTest
15:06:59.400 [main] INFO  testCases.TC_001_AccountRegistrationtTest - Clicked on My Account 
15:07:00.042 [main] INFO  testCases.TC_001_AccountRegistrationtTest - Clicked on Register 
15:07:00.247 [main] INFO  testCases.TC_001_AccountRegistrationtTest - Provided First Name 
15:07:00.382 [main] INFO  testCases.TC_001_AccountRegistrationtTest - Provided Last Name 
15:07:00.530 [main] INFO  testCases.TC_001_AccountRegistrationtTest - Provided Email 
15:07:00.671 [main] INFO  testCases.TC_001_AccountRegistrationtTest - Provided Telephone 
15:07:00.806 [main] INFO  testCases.TC_001_AccountRegistrationtTest - Provided Password 
15:07:01.013 [main] INFO  testCases.TC_001_AccountRegistrationtTest - Provided Confrmed Password 
15:07:01.130 [main] INFO  testCases.TC_001_AccountRegistrationtTest - Set Privacy Policy 
15:07:03.710 [main] INFO  testCases.TC_001_AccountRegistrationtTest - Clicked on Continue 
15:07:05.801 [main] INFO  testCases.TC_001_AccountRegistrationtTest - Finished TC_001_AccountRegistrationtTest
15:07:16.741 [main] INFO  testCases.TC_001_AccountRegistrationtTest - Strating TC_001_AccountRegistrationtTest
15:07:16.922 [main] INFO  testCases.TC_001_AccountRegistrationtTest - Clicked on My Account 
15:07:17.556 [main] INFO  testCases.TC_001_AccountRegistrationtTest - Clicked on Register 
15:07:17.715 [main] INFO  testCases.TC_001_AccountRegistrationtTest - Provided First Name 
15:07:17.829 [main] INFO  testCases.TC_001_AccountRegistrationtTest - Provided Last Name 
15:07:17.981 [main] INFO  testCases.TC_001_AccountRegistrationtTest - Provided Email 
15:07:18.111 [main] INFO  testCases.TC_001_AccountRegistrationtTest - Provided Telephone 
15:07:18.274 [main] INFO  testCases.TC_001_AccountRegistrationtTest - Provided Password 
15:07:18.396 [main] INFO  testCases.TC_001_AccountRegistrationtTest - Provided Confrmed Password 
15:07:18.483 [main] INFO  testCases.TC_001_AccountRegistrationtTest - Set Privacy Policy 
15:07:18.913 [main] INFO  testCases.TC_001_AccountRegistrationtTest - Clicked on Continue 
15:09:04.628 [main] INFO  testCases.TC_001_AccountRegistrationtTest - Strating TC_001_AccountRegistrationtTest
15:09:04.838 [main] INFO  testCases.TC_001_AccountRegistrationtTest - Clicked on My Account 
15:09:05.420 [main] INFO  testCases.TC_001_AccountRegistrationtTest - Clicked on Register 
15:09:05.656 [main] INFO  testCases.TC_001_AccountRegistrationtTest - Provided First Name 
15:09:05.789 [main] INFO  testCases.TC_001_AccountRegistrationtTest - Provided Last Name 
15:09:05.955 [main] INFO  testCases.TC_001_AccountRegistrationtTest - Provided Email 
15:09:06.084 [main] INFO  testCases.TC_001_AccountRegistrationtTest - Provided Telephone 
15:09:06.208 [main] INFO  testCases.TC_001_AccountRegistrationtTest - Provided Password 
15:09:06.375 [main] INFO  testCases.TC_001_AccountRegistrationtTest - Provided Confrmed Password 
15:09:06.478 [main] INFO  testCases.TC_001_AccountRegistrationtTest - Set Privacy Policy 
15:09:06.904 [main] INFO  testCases.TC_001_AccountRegistrationtTest - Clicked on Continue 
15:11:52.347 [main] INFO  testCases.TC_001_AccountRegistrationtTest - Strating TC_001_AccountRegistrationtTest
15:11:52.516 [main] INFO  testCases.TC_001_AccountRegistrationtTest - Clicked on My Account 
15:11:53.086 [main] INFO  testCases.TC_001_AccountRegistrationtTest - Clicked on Register 
15:11:53.237 [main] INFO  testCases.TC_001_AccountRegistrationtTest - Provided First Name 
15:11:53.354 [main] INFO  testCases.TC_001_AccountRegistrationtTest - Provided Last Name 
15:11:53.500 [main] INFO  testCases.TC_001_AccountRegistrationtTest - Provided Email 
15:11:53.631 [main] INFO  testCases.TC_001_AccountRegistrationtTest - Provided Telephone 
15:11:53.753 [main] INFO  testCases.TC_001_AccountRegistrationtTest - Provided Password 
15:11:53.915 [main] INFO  testCases.TC_001_AccountRegistrationtTest - Provided Confrmed Password 
15:11:54.011 [main] INFO  testCases.TC_001_AccountRegistrationtTest - Set Privacy Policy 
15:11:54.440 [main] INFO  testCases.TC_001_AccountRegistrationtTest - Clicked on Continue 
16:05:52.739 [main] INFO  testCases.TC_002_LoginTest -  Starting TC_002_LoginTest
16:05:54.486 [main] INFO  testCases.TC_002_LoginTest -  Finished TC_002_LoginTest
16:29:55.618 [main] INFO  testCases.TC_003_LoginDataDrivenTest -  Starting TC_003_LoginDataDrivenTest 
16:30:08.519 [main] INFO  testCases.TC_003_LoginDataDrivenTest -  Starting TC_003_LoginDataDrivenTest 
16:30:19.822 [main] INFO  testCases.TC_003_LoginDataDrivenTest -  Finished TC_003_LoginDataDrivenTest
16:30:19.829 [main] INFO  testCases.TC_003_LoginDataDrivenTest -  Starting TC_003_LoginDataDrivenTest 
16:30:31.258 [main] INFO  testCases.TC_003_LoginDataDrivenTest -  Finished TC_003_LoginDataDrivenTest
16:30:31.274 [main] INFO  testCases.TC_003_LoginDataDrivenTest -  Starting TC_003_LoginDataDrivenTest 
16:30:42.305 [main] INFO  testCases.TC_003_LoginDataDrivenTest -  Finished TC_003_LoginDataDrivenTest
16:35:21.576 [main] INFO  testCases.TC_003_LoginDataDrivenTest -  Starting TC_003_LoginDataDrivenTest 
16:35:33.110 [main] INFO  testCases.TC_003_LoginDataDrivenTest -  Finished TC_003_LoginDataDrivenTest
16:35:33.142 [main] INFO  testCases.TC_003_LoginDataDrivenTest -  Starting TC_003_LoginDataDrivenTest 
16:35:44.285 [main] INFO  testCases.TC_003_LoginDataDrivenTest -  Finished TC_003_LoginDataDrivenTest
16:35:44.296 [main] INFO  testCases.TC_003_LoginDataDrivenTest -  Starting TC_003_LoginDataDrivenTest 
16:35:55.765 [main] INFO  testCases.TC_003_LoginDataDrivenTest -  Finished TC_003_LoginDataDrivenTest
16:35:55.765 [main] INFO  testCases.TC_003_LoginDataDrivenTest -  Starting TC_003_LoginDataDrivenTest 
16:36:19.798 [main] INFO  testCases.TC_003_LoginDataDrivenTest -  Starting TC_003_LoginDataDrivenTest 
16:36:31.355 [main] INFO  testCases.TC_003_LoginDataDrivenTest -  Finished TC_003_LoginDataDrivenTest
16:36:31.384 [main] INFO  testCases.TC_003_LoginDataDrivenTest -  Starting TC_003_LoginDataDrivenTest 
16:36:42.755 [main] INFO  testCases.TC_003_LoginDataDrivenTest -  Finished TC_003_LoginDataDrivenTest
16:36:42.771 [main] INFO  testCases.TC_003_LoginDataDrivenTest -  Starting TC_003_LoginDataDrivenTest 
16:36:53.878 [main] INFO  testCases.TC_003_LoginDataDrivenTest -  Finished TC_003_LoginDataDrivenTest
16:36:53.894 [main] INFO  testCases.TC_003_LoginDataDrivenTest -  Starting TC_003_LoginDataDrivenTest 
16:37:05.053 [main] INFO  testCases.TC_003_LoginDataDrivenTest -  Finished TC_003_LoginDataDrivenTest
16:37:05.069 [main] INFO  testCases.TC_003_LoginDataDrivenTest -  Starting TC_003_LoginDataDrivenTest 
16:37:06.745 [main] INFO  testCases.TC_003_LoginDataDrivenTest -  Finished TC_003_LoginDataDrivenTest
16:43:20.206 [main] INFO  testCases.TC_003_LoginDataDrivenTest -  Starting TC_003_LoginDataDrivenTest 
16:43:32.880 [main] INFO  testCases.TC_003_LoginDataDrivenTest -  Finished TC_003_LoginDataDrivenTest
16:43:32.924 [main] INFO  testCases.TC_003_LoginDataDrivenTest -  Starting TC_003_LoginDataDrivenTest 
16:43:45.048 [main] INFO  testCases.TC_003_LoginDataDrivenTest -  Finished TC_003_LoginDataDrivenTest
16:43:45.063 [main] INFO  testCases.TC_003_LoginDataDrivenTest -  Starting TC_003_LoginDataDrivenTest 
16:43:56.361 [main] INFO  testCases.TC_003_LoginDataDrivenTest -  Finished TC_003_LoginDataDrivenTest
16:43:56.377 [main] INFO  testCases.TC_003_LoginDataDrivenTest -  Starting TC_003_LoginDataDrivenTest 
16:44:07.549 [main] INFO  testCases.TC_003_LoginDataDrivenTest -  Finished TC_003_LoginDataDrivenTest
16:44:07.564 [main] INFO  testCases.TC_003_LoginDataDrivenTest -  Starting TC_003_LoginDataDrivenTest 
16:44:09.481 [main] INFO  testCases.TC_003_LoginDataDrivenTest -  Finished TC_003_LoginDataDrivenTest
10:05:35.279 [main] INFO  testCases.TC_003_LoginDataDrivenTest -  Starting TC_003_LoginDataDrivenTest 
10:05:47.039 [main] INFO  testCases.TC_003_LoginDataDrivenTest -  Finished TC_003_LoginDataDrivenTest
10:05:47.054 [main] INFO  testCases.TC_003_LoginDataDrivenTest -  Starting TC_003_LoginDataDrivenTest 
10:05:58.306 [main] INFO  testCases.TC_003_LoginDataDrivenTest -  Finished TC_003_LoginDataDrivenTest
10:05:58.318 [main] INFO  testCases.TC_003_LoginDataDrivenTest -  Starting TC_003_LoginDataDrivenTest 
10:06:09.601 [main] INFO  testCases.TC_003_LoginDataDrivenTest -  Finished TC_003_LoginDataDrivenTest
10:06:09.616 [main] INFO  testCases.TC_003_LoginDataDrivenTest -  Starting TC_003_LoginDataDrivenTest 
10:06:20.684 [main] INFO  testCases.TC_003_LoginDataDrivenTest -  Finished TC_003_LoginDataDrivenTest
10:06:20.701 [main] INFO  testCases.TC_003_LoginDataDrivenTest -  Starting TC_003_LoginDataDrivenTest 
10:06:22.445 [main] INFO  testCases.TC_003_LoginDataDrivenTest -  Finished TC_003_LoginDataDrivenTest
10:24:42.701 [main] INFO  testCases.TC_001_AccountRegistrationtTest - Strating TC_001_AccountRegistrationtTest
10:24:42.952 [main] INFO  testCases.TC_001_AccountRegistrationtTest - Clicked on My Account 
10:24:43.762 [main] INFO  testCases.TC_001_AccountRegistrationtTest - Clicked on Register 
10:24:43.990 [main] INFO  testCases.TC_001_AccountRegistrationtTest - Provided First Name 
10:24:44.110 [main] INFO  testCases.TC_001_AccountRegistrationtTest - Provided Last Name 
10:24:44.255 [main] INFO  testCases.TC_001_AccountRegistrationtTest - Provided Email 
10:24:44.388 [main] INFO  testCases.TC_001_AccountRegistrationtTest - Provided Telephone 
10:24:44.515 [main] INFO  testCases.TC_001_AccountRegistrationtTest - Provided Password 
10:24:44.668 [main] INFO  testCases.TC_001_AccountRegistrationtTest - Provided Confrmed Password 
10:24:44.772 [main] INFO  testCases.TC_001_AccountRegistrationtTest - Set Privacy Policy 
10:24:47.427 [main] INFO  testCases.TC_001_AccountRegistrationtTest - Clicked on Continue 
10:24:49.545 [main] INFO  testCases.TC_001_AccountRegistrationtTest - Finished TC_001_AccountRegistrationtTest
10:24:52.344 [main] INFO  testCases.TC_002_LoginTest - Starting TC_002_LoginTest
10:24:54.172 [main] INFO  testCases.TC_002_LoginTest -  Finished TC_002_LoginTest
10:26:02.352 [main] INFO  testCases.TC_001_AccountRegistrationtTest - Strating TC_001_AccountRegistrationtTest
10:26:02.529 [main] INFO  testCases.TC_001_AccountRegistrationtTest - Clicked on My Account 
10:26:03.302 [main] INFO  testCases.TC_001_AccountRegistrationtTest - Clicked on Register 
10:26:03.467 [main] INFO  testCases.TC_001_AccountRegistrationtTest - Provided First Name 
10:26:03.607 [main] INFO  testCases.TC_001_AccountRegistrationtTest - Provided Last Name 
10:26:03.743 [main] INFO  testCases.TC_001_AccountRegistrationtTest - Provided Email 
10:26:03.887 [main] INFO  testCases.TC_001_AccountRegistrationtTest - Provided Telephone 
10:26:04.020 [main] INFO  testCases.TC_001_AccountRegistrationtTest - Provided Password 
10:26:04.160 [main] INFO  testCases.TC_001_AccountRegistrationtTest - Provided Confrmed Password 
10:26:04.270 [main] INFO  testCases.TC_001_AccountRegistrationtTest - Set Privacy Policy 
10:26:06.836 [main] INFO  testCases.TC_001_AccountRegistrationtTest - Clicked on Continue 
10:26:08.907 [main] INFO  testCases.TC_001_AccountRegistrationtTest - Finished TC_001_AccountRegistrationtTest
10:26:11.233 [main] INFO  testCases.TC_002_LoginTest - Starting TC_002_LoginTest
10:26:12.713 [main] INFO  testCases.TC_002_LoginTest -  Finished TC_002_LoginTest
11:59:58.851 [main] INFO  testCases.TC_001_AccountRegistrationtTest - Strating TC_001_AccountRegistrationtTest
11:59:59.058 [main] INFO  testCases.TC_001_AccountRegistrationtTest - Clicked on My Account 
11:59:59.750 [main] INFO  testCases.TC_001_AccountRegistrationtTest - Clicked on Register 
12:00:00.039 [main] INFO  testCases.TC_001_AccountRegistrationtTest - Provided First Name 
12:00:00.161 [main] INFO  testCases.TC_001_AccountRegistrationtTest - Provided Last Name 
12:00:00.295 [main] INFO  testCases.TC_001_AccountRegistrationtTest - Provided Email 
12:00:00.456 [main] INFO  testCases.TC_001_AccountRegistrationtTest - Provided Telephone 
12:00:00.624 [main] INFO  testCases.TC_001_AccountRegistrationtTest - Provided Password 
12:00:00.765 [main] INFO  testCases.TC_001_AccountRegistrationtTest - Provided Confrmed Password 
12:00:00.868 [main] INFO  testCases.TC_001_AccountRegistrationtTest - Set Privacy Policy 
12:00:03.456 [main] INFO  testCases.TC_001_AccountRegistrationtTest - Clicked on Continue 
12:00:05.577 [main] INFO  testCases.TC_001_AccountRegistrationtTest - Finished TC_001_AccountRegistrationtTest
12:00:08.075 [main] INFO  testCases.TC_002_LoginTest - Starting TC_002_LoginTest
12:00:09.565 [main] INFO  testCases.TC_002_LoginTest -  Finished TC_002_LoginTest
12:00:12.003 [main] INFO  testCases.TC_004_SearchProductTest -  Starting TC_004_SearchProductTest 
12:00:14.137 [main] INFO  testCases.TC_004_SearchProductTest -  Finished TC_004_SearchProductTest 
12:00:16.388 [main] INFO  testCases.TC_005_AddToCartPageTest -  Starting TC_005_AddToCartPageTest 
12:00:20.633 [main] INFO  testCases.TC_005_AddToCartPageTest -  Finished TC_004_SearchProductTest 
14:54:59.722 [main] INFO  testCases.TC_004_SearchProductTest -  Starting TC_004_SearchProductTest 
14:55:01.478 [main] INFO  testCases.TC_004_SearchProductTest -  Finished TC_004_SearchProductTest 
14:55:29.606 [main] INFO  testCases.TC_004_SearchProductTest -  Starting TC_004_SearchProductTest 
14:55:30.878 [main] INFO  testCases.TC_004_SearchProductTest -  Finished TC_004_SearchProductTest 
